<?xml version="1.0" encoding="UTF-8"?>
<!-- Generated by org.testng.reporters.JUnitXMLReporter -->
<testsuite hostname="Chethana-PC" ignored="0" name="Command line test" tests="4" failures="0" timestamp="16 Oct 2018 12:00:22 GMT" time="0.033" errors="0">
  <testcase name="ApiFirstTest" time="0.004" classname="bookmyshow.com.ApiTest"/>
  <testcase name="ApiSecondTest" time="0.001" classname="bookmyshow.com.ApiTest"/>
  <testcase name="RestAssuredSecondTest" time="0.0" classname="bookmyshow.com.RestAssuredTest"/>
  <testcase name="RestAssuredTest" time="0.0" classname="bookmyshow.com.RestAssuredTest"/>
</testsuite> <!-- Command line test -->
