<?xml version="1.0" encoding="UTF-8"?>
<testng-results skipped="0" failed="0" ignored="0" total="4" passed="4">
  <reporter-output>
  </reporter-output>
  <suite name="Command line suite" duration-ms="33" started-at="2018-10-16T12:00:22Z" finished-at="2018-10-16T12:00:22Z">
    <groups>
    </groups>
    <test name="Command line test" duration-ms="33" started-at="2018-10-16T12:00:22Z" finished-at="2018-10-16T12:00:22Z">
      <class name="bookmyshow.com.RestAssuredTest">
        <test-method status="PASS" signature="RestAssuredSecondTest()[pri:0, instance:bookmyshow.com.RestAssuredTest@19dfb72a]" name="RestAssuredSecondTest" duration-ms="0" started-at="2018-10-16T12:00:22Z" finished-at="2018-10-16T12:00:22Z">
          <reporter-output>
          </reporter-output>
        </test-method> <!-- RestAssuredSecondTest -->
        <test-method status="PASS" signature="RestAssuredTest()[pri:0, instance:bookmyshow.com.RestAssuredTest@19dfb72a]" name="RestAssuredTest" duration-ms="0" started-at="2018-10-16T12:00:22Z" finished-at="2018-10-16T12:00:22Z">
          <reporter-output>
          </reporter-output>
        </test-method> <!-- RestAssuredTest -->
      </class> <!-- bookmyshow.com.RestAssuredTest -->
      <class name="bookmyshow.com.ApiTest">
        <test-method status="PASS" signature="ApiFirstTest()[pri:0, instance:bookmyshow.com.ApiTest@57829d67]" name="ApiFirstTest" duration-ms="4" started-at="2018-10-16T12:00:22Z" finished-at="2018-10-16T12:00:22Z">
          <reporter-output>
          </reporter-output>
        </test-method> <!-- ApiFirstTest -->
        <test-method status="PASS" signature="ApiSecondTest()[pri:0, instance:bookmyshow.com.ApiTest@57829d67]" name="ApiSecondTest" duration-ms="1" started-at="2018-10-16T12:00:22Z" finished-at="2018-10-16T12:00:22Z">
          <reporter-output>
          </reporter-output>
        </test-method> <!-- ApiSecondTest -->
      </class> <!-- bookmyshow.com.ApiTest -->
    </test> <!-- Command line test -->
  </suite> <!-- Command line suite -->
</testng-results>
