<?xml version="1.0" encoding="UTF-8"?>
<testng-results skipped="0" failed="0" ignored="0" total="1" passed="1">
  <reporter-output>
  </reporter-output>
  <suite name="Default suite" duration-ms="1581" started-at="2018-11-12T10:14:50Z" finished-at="2018-11-12T10:14:52Z">
    <groups>
    </groups>
    <test name="Default test" duration-ms="1581" started-at="2018-11-12T10:14:50Z" finished-at="2018-11-12T10:14:52Z">
      <class name="test.java.bookmyshow.com.GetEventInfo">
        <test-method status="PASS" signature="GetEventCode()[pri:0, instance:test.java.bookmyshow.com.GetEventInfo@56ef9176]" name="GetEventCode" duration-ms="1562" started-at="2018-11-12T10:14:50Z" finished-at="2018-11-12T10:14:52Z">
          <reporter-output>
          </reporter-output>
        </test-method> <!-- GetEventCode -->
      </class> <!-- test.java.bookmyshow.com.GetEventInfo -->
    </test> <!-- Default test -->
  </suite> <!-- Default suite -->
</testng-results>
